[INFO ] 2020-12-03 17:05:29.658 [main] PyToCFG - PyToCFG setup...
[INFO ] 2020-12-03 17:05:29.662 [main] PyToCFG - Reading file... src/test/resources/pyTest/py1.py
[INFO ] 2020-12-03 17:05:29.775 [main] PyToCFG - Parsing stmt lists... [start]
[INFO ] 2020-12-03 17:05:29.776 [main] PyToCFG - Parsing stmt lists...: 1/1
[INFO ] 2020-12-03 17:05:29.788 [main] PyToCFG - Sono nel suite
[INFO ] 2020-12-03 17:05:29.790 [main] PyToCFG -           info=super()._repr_info()  pos=2ifself._cancelledelse1  info.insert(pos,'when=%s'%self._when)  returninfooo
[INFO ] 2020-12-03 17:05:29.790 [main] PyToCFG - info=super()._repr_info()  
[INFO ] 2020-12-03 17:05:29.791 [main] PyToCFG - Sono nel test
[INFO ] 2020-12-03 17:05:29.791 [main] PyToCFG - info
[INFO ] 2020-12-03 17:05:29.791 [main] PyToCFG - Sono nel test
[INFO ] 2020-12-03 17:05:29.791 [main] PyToCFG - super()._repr_info()
[INFO ] 2020-12-03 17:05:29.792 [main] PyToCFG - pos=2ifself._cancelledelse1  
[INFO ] 2020-12-03 17:05:29.793 [main] PyToCFG - Sono nel test
[INFO ] 2020-12-03 17:05:29.793 [main] PyToCFG - pos
[INFO ] 2020-12-03 17:05:29.793 [main] PyToCFG - Sono nel test
[INFO ] 2020-12-03 17:05:29.794 [main] PyToCFG - 2ifself._cancelledelse1
[INFO ] 2020-12-03 17:05:29.794 [main] PyToCFG - info.insert(pos,'when=%s'%self._when)  
[INFO ] 2020-12-03 17:05:29.794 [main] PyToCFG - Sono nel test
[INFO ] 2020-12-03 17:05:29.795 [main] PyToCFG - info.insert(pos,'when=%s'%self._when)
[INFO ] 2020-12-03 17:05:29.795 [main] PyToCFG - returninfoo
[INFO ] 2020-12-03 17:05:29.795 [main] PyToCFG - Sono nel test
[INFO ] 2020-12-03 17:05:29.795 [main] PyToCFG - info
[INFO ] 2020-12-03 17:05:29.802 [main] PyToCFG - Parsing stmt lists... [stop] [1 Global stmt in 26ms 103000ns]
[INFO ] 2020-12-03 17:05:29.802 [main] PyToCFG - class it.unive.pylisa.antlr.Python3Parser$File_inputContext
[INFO ] 2020-12-03 17:05:29.806 [main] PyToCFG - (file_input (stmt (compound_stmt (funcdef def _repr_info (parameters ( (typedargslist (tfpdef self)) )) : (suite             (stmt (simple_stmt (small_stmt (expr_stmt (testlist_star_expr (test (or_test (and_test (not_test (comparison (expr (xor_expr (and_expr (shift_expr (arith_expr (term (factor (power (atom_expr (atom info)))))))))))))))) = (testlist_star_expr (test (or_test (and_test (not_test (comparison (expr (xor_expr (and_expr (shift_expr (arith_expr (term (factor (power (atom_expr (atom super) (trailer ( )) (trailer . _repr_info) (trailer ( )))))))))))))))))))   )) (stmt (simple_stmt (small_stmt (expr_stmt (testlist_star_expr (test (or_test (and_test (not_test (comparison (expr (xor_expr (and_expr (shift_expr (arith_expr (term (factor (power (atom_expr (atom pos)))))))))))))))) = (testlist_star_expr (test (or_test (and_test (not_test (comparison (expr (xor_expr (and_expr (shift_expr (arith_expr (term (factor (power (atom_expr (atom 2)))))))))))))) if (or_test (and_test (not_test (comparison (expr (xor_expr (and_expr (shift_expr (arith_expr (term (factor (power (atom_expr (atom self) (trailer . _cancelled)))))))))))))) else (test (or_test (and_test (not_test (comparison (expr (xor_expr (and_expr (shift_expr (arith_expr (term (factor (power (atom_expr (atom 1)))))))))))))))))))   )) (stmt (simple_stmt (small_stmt (expr_stmt (testlist_star_expr (test (or_test (and_test (not_test (comparison (expr (xor_expr (and_expr (shift_expr (arith_expr (term (factor (power (atom_expr (atom info) (trailer . insert) (trailer ( (arglist (argument (test (or_test (and_test (not_test (comparison (expr (xor_expr (and_expr (shift_expr (arith_expr (term (factor (power (atom_expr (atom pos)))))))))))))))) , (argument (test (or_test (and_test (not_test (comparison (expr (xor_expr (and_expr (shift_expr (arith_expr (term (factor (power (atom_expr (atom 'when=%s')))) % (factor (power (atom_expr (atom self) (trailer . _when))))))))))))))))) )))))))))))))))))))   )) (stmt (simple_stmt (small_stmt (flow_stmt (return_stmt return (testlist (test (or_test (and_test (not_test (comparison (expr (xor_expr (and_expr (shift_expr (arith_expr (term (factor (power (atom_expr (atom info))))))))))))))))))) o)) o))))  info)
